<?xml version="1.0" encoding="UTF-8"?>
<testng-results ignored="0" total="6" passed="6" failed="0" skipped="0">
  <reporter-output>
  </reporter-output>
  <suite started-at="2024-08-07T01:38:00 IST" name="Default suite" finished-at="2024-08-07T01:38:00 IST" duration-ms="140">
    <groups>
    </groups>
    <test started-at="2024-08-07T01:38:00 IST" name="Default test" finished-at="2024-08-07T01:38:00 IST" duration-ms="140">
      <class name="basicTestNG.DataProviderTest">
        <test-method signature="f(java.lang.Integer,java.lang.String)[pri:0, instance:basicTestNG.DataProviderTest@689604d9]" started-at="2024-08-07T01:38:00 IST" name="f" data-provider="dp" finished-at="2024-08-07T01:38:00 IST" duration-ms="12" status="PASS">
          <params>
            <param index="0">
              <value>
                <![CDATA[1]]>
              </value>
            </param>
            <param index="1">
              <value>
                <![CDATA[a]]>
              </value>
            </param>
          </params>
          <reporter-output>
          </reporter-output>
        </test-method> <!-- f -->
        <test-method signature="f(java.lang.Integer,java.lang.String)[pri:0, instance:basicTestNG.DataProviderTest@689604d9]" started-at="2024-08-07T01:38:00 IST" name="f" data-provider="dp" finished-at="2024-08-07T01:38:00 IST" duration-ms="1" status="PASS">
          <params>
            <param index="0">
              <value>
                <![CDATA[2]]>
              </value>
            </param>
            <param index="1">
              <value>
                <![CDATA[b]]>
              </value>
            </param>
          </params>
          <reporter-output>
          </reporter-output>
        </test-method> <!-- f -->
        <test-method signature="f(java.lang.Integer,java.lang.String)[pri:0, instance:basicTestNG.DataProviderTest@689604d9]" started-at="2024-08-07T01:38:00 IST" name="f" data-provider="dp" finished-at="2024-08-07T01:38:00 IST" duration-ms="1" status="PASS">
          <params>
            <param index="0">
              <value>
                <![CDATA[3]]>
              </value>
            </param>
            <param index="1">
              <value>
                <![CDATA[c]]>
              </value>
            </param>
          </params>
          <reporter-output>
          </reporter-output>
        </test-method> <!-- f -->
        <test-method signature="l(java.lang.Integer,java.lang.String)[pri:0, instance:basicTestNG.DataProviderTest@689604d9]" started-at="2024-08-07T01:38:00 IST" name="l" data-provider="data" finished-at="2024-08-07T01:38:00 IST" duration-ms="1" status="PASS">
          <params>
            <param index="0">
              <value>
                <![CDATA[1]]>
              </value>
            </param>
            <param index="1">
              <value>
                <![CDATA[a]]>
              </value>
            </param>
          </params>
          <reporter-output>
          </reporter-output>
        </test-method> <!-- l -->
        <test-method signature="l(java.lang.Integer,java.lang.String)[pri:0, instance:basicTestNG.DataProviderTest@689604d9]" started-at="2024-08-07T01:38:00 IST" name="l" data-provider="data" finished-at="2024-08-07T01:38:00 IST" duration-ms="2" status="PASS">
          <params>
            <param index="0">
              <value>
                <![CDATA[2]]>
              </value>
            </param>
            <param index="1">
              <value>
                <![CDATA[b]]>
              </value>
            </param>
          </params>
          <reporter-output>
          </reporter-output>
        </test-method> <!-- l -->
        <test-method signature="l(java.lang.Integer,java.lang.String)[pri:0, instance:basicTestNG.DataProviderTest@689604d9]" started-at="2024-08-07T01:38:00 IST" name="l" data-provider="data" finished-at="2024-08-07T01:38:00 IST" duration-ms="3" status="PASS">
          <params>
            <param index="0">
              <value>
                <![CDATA[3]]>
              </value>
            </param>
            <param index="1">
              <value>
                <![CDATA[c]]>
              </value>
            </param>
          </params>
          <reporter-output>
          </reporter-output>
        </test-method> <!-- l -->
      </class> <!-- basicTestNG.DataProviderTest -->
    </test> <!-- Default test -->
  </suite> <!-- Default suite -->
</testng-results>
