<?xml version="1.0" encoding="UTF-8"?>
<testng-results ignored="0" total="1" passed="1" failed="0" skipped="0">
  <reporter-output>
  </reporter-output>
  <suite started-at="2024-08-27T22:05:26 IST" name="7rsmartSupermarketSuite" finished-at="2024-08-27T22:05:40 IST" duration-ms="14321">
    <groups>
    </groups>
    <test started-at="2024-08-27T22:05:26 IST" name="ChromeTest" finished-at="2024-08-27T22:05:40 IST" duration-ms="14321">
      <class name="testCases.ManageCategoryTestPage">
        <test-method is-config="true" signature="beforeMethod(java.lang.String)[pri:0, instance:testCases.ManageCategoryTestPage@4b41dd5c]" started-at="2024-08-27T22:05:27 IST" name="beforeMethod" finished-at="2024-08-27T22:05:33 IST" duration-ms="6718" status="PASS">
          <params>
            <param index="0">
              <value>
                <![CDATA[Chrome]]>
              </value>
            </param>
          </params>
          <reporter-output>
          </reporter-output>
        </test-method> <!-- beforeMethod -->
        <test-method signature="verifyToAddSubCategory()[pri:1, instance:testCases.ManageCategoryTestPage@4b41dd5c]" started-at="2024-08-27T22:05:33 IST" name="verifyToAddSubCategory" finished-at="2024-08-27T22:05:40 IST" duration-ms="6372" status="PASS">
          <reporter-output>
          </reporter-output>
        </test-method> <!-- verifyToAddSubCategory -->
        <test-method is-config="true" signature="afterMethod(org.testng.ITestResult)[pri:0, instance:testCases.ManageCategoryTestPage@4b41dd5c]" started-at="2024-08-27T22:05:40 IST" name="afterMethod" finished-at="2024-08-27T22:05:40 IST" duration-ms="610" status="PASS">
          <params>
            <param index="0">
              <value>
                <![CDATA[[TestResult name=verifyToAddSubCategory status=SUCCESS method=ManageCategoryTestPage.verifyToAddSubCategory()[pri:1, instance:testCases.ManageCategoryTestPage@4b41dd5c] output={null}]]]>
              </value>
            </param>
          </params>
          <reporter-output>
          </reporter-output>
        </test-method> <!-- afterMethod -->
      </class> <!-- testCases.ManageCategoryTestPage -->
    </test> <!-- ChromeTest -->
  </suite> <!-- 7rsmartSupermarketSuite -->
</testng-results>
