<?xml version="1.0" encoding="UTF-8"?>
<!-- Generated by org.testng.reporters.JUnitXMLReporter -->
<testsuite ignored="0" hostname="Vishman" failures="0" tests="6" name="Default test" time="0.14" errors="0" timestamp="2024-08-07T01:38:00 IST">
  <testcase classname="basicTestNG.DataProviderTest" name="f" time="0.012"/>
  <testcase classname="basicTestNG.DataProviderTest" name="f" time="0.001"/>
  <testcase classname="basicTestNG.DataProviderTest" name="f" time="0.001"/>
  <testcase classname="basicTestNG.DataProviderTest" name="l" time="0.001"/>
  <testcase classname="basicTestNG.DataProviderTest" name="l" time="0.002"/>
  <testcase classname="basicTestNG.DataProviderTest" name="l" time="0.003"/>
</testsuite> <!-- Default test -->
